-------------------------------------------------------------------------------
Test set: com.example.ticket.tracking.TicketTrackingApplicationTests
-------------------------------------------------------------------------------
Tests run: 1, Failures: 0, Errors: 1, Skipped: 0, Time elapsed: 3.569 s <<< FAILURE! - in com.example.ticket.tracking.TicketTrackingApplicationTests
com.example.ticket.tracking.TicketTrackingApplicationTests  Time elapsed: 3.567 s  <<< ERROR!
java.lang.IllegalStateException: Unable to find a @SpringBootConfiguration, you need to use @ContextConfiguration or @SpringBootTest(classes=...) with your test

